# 日志
log=aria2.log
log-level=error

## 文件保存相关 ##

# 文件的保存路径(可使用绝对路径或相对路径), 默认: 当前启动位置
dir=E:\Downloads
# 启用磁盘缓存, 0为禁用缓存, 需1.16以上版本, 默认:16M
disk-cache=32M
# 文件预分配方式, 能有效降低磁盘碎片, 默认:prealloc
# 预分配所需时间: none < falloc ? trunc < prealloc
# falloc和trunc则需要文件系统和内核支持
# NTFS建议使用falloc, EXT3/4建议trunc, MAC 下需要注释此项
file-allocation=falloc
# 断点续传
continue=true

## 下载连接相关 ##

# 最大同时下载任务数, 运行时可修改, 默认:5
max-concurrent-downloads=3
# 同一服务器连接数, 添加时可指定, 默认:1
max-connection-per-server=5
# 最小文件分片大小, 添加时可指定, 取值范围1M -1024M, 默认:20M
# 假定size=10M, 文件为20MiB 则使用两个来源下载; 文件为15MiB 则使用一个来源下载
min-split-size=10M
# 单个任务最大线程数, 添加时可指定, 默认:5
split=5
# 整体下载速度限制, 运行时可修改, 默认:0
#max-overall-download-limit=0
# 单个任务下载速度限制, 默认:0
max-download-limit=0
# 整体上传速度限制, 运行时可修改, 默认:0
max-overall-upload-limit=1M
# 单个任务上传速度限制, 默认:0
#max-upload-limit=0
# 禁用IPv6, 默认:false
disable-ipv6=true

## 进度保存相关 ##

# 从会话文件中读取下载任务
input-file=aria2.session
# 在Aria2退出时保存`错误/未完成`的下载任务到会话文件
save-session=aria2.session
# 定时保存会话, 0为退出时才保存, 需1.16.1以上版本, 默认:0
save-session-interval=60

## RPC相关设置 ##

# 启用RPC, 默认:false
enable-rpc=true
# 允许所有来源, 默认:false
rpc-allow-origin-all=true
# 允许非外部访问, 默认:false
rpc-listen-all=true
# 事件轮询方式, 取值:[epoll, kqueue, port, poll, select], 不同系统默认值不同
#event-poll=select
# RPC监听端口, 端口被占用时可以修改, 默认:6800
rpc-listen-port=6800
# 设置的RPC授权令牌, v1.18.4新增功能, 取代 --rpc-user 和 --rpc-passwd 选项
#rpc-secret=<TOKEN>
# 设置的RPC访问用户名, 此选项新版已废弃, 建议改用 --rpc-secret 选项
#rpc-user=<USER>
# 设置的RPC访问密码, 此选项新版已废弃, 建议改用 --rpc-secret 选项
#rpc-passwd=<PASSWD>

## BT/PT下载相关 ##

# 当下载的是一个种子(以.torrent结尾)时, 自动开始BT任务, 默认:true
follow-torrent=true
# BT监听端口, 当端口被屏蔽时使用, 默认:6881-6999
listen-port=51413-52333
# 单个种子最大连接数，0表示不限制，默认:55
bt-max-peers=0
# 打开DHT功能, PT需要禁用, 默认:true
enable-dht=true
# 打开IPv6 DHT功能, PT需要禁用
enable-dht6=true
# DHT网络监听端口, 默认:6881-6999
dht-listen-port=6881-6999
# 本地节点查找, PT需要禁用, 默认:false
#bt-enable-lpd=false
# 种子交换, PT需要禁用, 默认:true
enable-peer-exchange=true
# 期望下载速度, 对少种的PT很有用, 默认:50K
bt-request-peer-speed-limit=50M
# 客户端伪装, PT需要
peer-id-prefix=-UT3500-
user-agent=uTorrent/3500(43580)
# 最小分享率。当种子的分享率达到这个数时, 自动停止做种, 0为一直做种, 默认:1.0
seed-ratio=0
# 最小做种时间。此选项设置为0时，将在BT任务下载完成后不进行做种。
seed-time=0
# 强制保存会话, 即使任务已经完成, 默认:false
# 较新的版本开启后会在任务完成后依然保留.aria2文件
force-save=true
# BT校验相关, 默认:true
#bt-hash-check-seed=true
# 继续之前的BT任务时, 无需再次校验, 默认:false
bt-seed-unverified=true
# 保存磁力链接元数据为种子文件(.torrent文件), 默认:false
#bt-save-metadata=false
# 删除未选择文件
bt-remove-unselected-file=true

## BT 服务器地址 ##
bt-tracker=udp://tracker.opentrackr.org:1337/announce,udp://open.tracker.cl:1337/announce,udp://tracker.auctor.tv:6969/announce,udp://opentracker.i2p.rocks:6969/announce,https://opentracker.i2p.rocks:443/announce,udp://open.stealth.si:80/announce,udp://tracker.torrent.eu.org:451/announce,udp://open.demonii.com:1337/announce,udp://tracker.moeking.me:6969/announce,udp://tracker-udp.gbitt.info:80/announce,udp://explodie.org:6969/announce,udp://exodus.desync.com:6969/announce,https://tracker.gbitt.info:443/announce,http://tracker.gbitt.info:80/announce,udp://movies.zsw.ca:6969/announce,https://tracker.tamersunion.org:443/announce,udp://tracker1.myporn.club:9337/announce,udp://tracker.tiny-vps.com:6969/announce,udp://tracker.therarbg.to:6969/announce,udp://tracker.t-rb.org:6969/announce2024-03-11 11:12:28.357347 [ERROR] [DHTSetup.cc:106] Exception caught while loading DHT routing table from C:/Users/25367/.cache/aria2/dht.dat
Exception: [DHTRoutingTableDeserializer.cc:82] errorCode=1 Failed to load DHT routing table from C:/Users/25367/.cache/aria2/dht.dat
2024-03-11 11:18:51.254387 [ERROR] [DHTSetup.cc:106] Exception caught while loading DHT routing table from C:/Users/25367/.cache/aria2/dht.dat
Exception: [DHTRoutingTableDeserializer.cc:82] errorCode=1 Failed to load DHT routing table from C:/Users/25367/.cache/aria2/dht.dat
